2023-05-23 11:36:39 [restartedMain] INFO  : Starting ClientManagerApplication using Java 19.0.2 with PID 18021 (/home/developer/Desktop/new/project/ClientManagerSB/target/classes started by developer in /home/developer/Desktop/new/project/ClientManagerSB)
2023-05-23 11:36:39 [restartedMain] INFO  : No active profile set, falling back to 1 default profile: "default"
2023-05-23 11:36:40 [restartedMain] INFO  : Devtools property defaults active! Set 'spring.devtools.add-properties' to 'false' to disable
2023-05-23 11:36:40 [restartedMain] INFO  : For additional web related logging consider setting the 'logging.level.web' property to 'DEBUG'
2023-05-23 11:36:41 [restartedMain] INFO  : Bootstrapping Spring Data JPA repositories in DEFAULT mode.
2023-05-23 11:36:41 [restartedMain] INFO  : Finished Spring Data repository scanning in 60 ms. Found 1 JPA repository interfaces.
2023-05-23 11:36:42 [restartedMain] INFO  : Tomcat initialized with port(s): 8080 (http)
2023-05-23 11:36:42 [restartedMain] INFO  : Initializing ProtocolHandler ["http-nio-8080"]
2023-05-23 11:36:42 [restartedMain] INFO  : Starting service [Tomcat]
2023-05-23 11:36:42 [restartedMain] INFO  : Starting Servlet engine: [Apache Tomcat/10.1.7]
2023-05-23 11:36:42 [restartedMain] INFO  : Initializing Spring embedded WebApplicationContext
2023-05-23 11:36:42 [restartedMain] INFO  : Root WebApplicationContext: initialization completed in 2628 ms
2023-05-23 11:36:42 [restartedMain] INFO  : HikariPool-1 - Starting...
2023-05-23 11:36:44 [restartedMain] INFO  : HikariPool-1 - Added connection com.mysql.cj.jdbc.ConnectionImpl@42d40bdc
2023-05-23 11:36:44 [restartedMain] INFO  : HikariPool-1 - Start completed.
2023-05-23 11:36:44 [restartedMain] INFO  : HHH000204: Processing PersistenceUnitInfo [name: default]
2023-05-23 11:36:44 [restartedMain] INFO  : HHH000412: Hibernate ORM core version 6.1.7.Final
2023-05-23 11:36:45 [restartedMain] INFO  : HHH000400: Using dialect: org.hibernate.dialect.MySQLDialect
2023-05-23 11:36:46 [restartedMain] INFO  : HHH000490: Using JtaPlatform implementation: [org.hibernate.engine.transaction.jta.platform.internal.NoJtaPlatform]
2023-05-23 11:36:46 [restartedMain] INFO  : Initialized JPA EntityManagerFactory for persistence unit 'default'
2023-05-23 11:36:46 [restartedMain] WARN  : spring.jpa.open-in-view is enabled by default. Therefore, database queries may be performed during view rendering. Explicitly configure spring.jpa.open-in-view to disable this warning
2023-05-23 11:36:47 [restartedMain] INFO  : Will secure any request with [org.springframework.security.web.session.DisableEncodeUrlFilter@150afe44, org.springframework.security.web.context.request.async.WebAsyncManagerIntegrationFilter@17f8683, org.springframework.security.web.context.SecurityContextHolderFilter@bc516b4, org.springframework.security.web.header.HeaderWriterFilter@1c8cdbd7, org.springframework.security.web.authentication.logout.LogoutFilter@3c4e2b72, org.springframework.security.web.authentication.UsernamePasswordAuthenticationFilter@1aea4af6, org.springframework.security.web.savedrequest.RequestCacheAwareFilter@5501b333, org.springframework.security.web.servletapi.SecurityContextHolderAwareRequestFilter@4a2ca0cb, org.springframework.security.web.authentication.AnonymousAuthenticationFilter@1fae14bb, org.springframework.security.web.access.ExceptionTranslationFilter@cf5a20, org.springframework.security.web.access.intercept.AuthorizationFilter@5693a0d1]
2023-05-23 11:36:47 [restartedMain] INFO  : LiveReload server is running on port 35729
2023-05-23 11:36:47 [restartedMain] INFO  : Starting ProtocolHandler ["http-nio-8080"]
2023-05-23 11:36:47 [restartedMain] INFO  : Tomcat started on port(s): 8080 (http) with context path ''
2023-05-23 11:36:47 [restartedMain] INFO  : Started ClientManagerApplication in 9.286 seconds (process running for 13.927)
2023-05-23 11:38:26 [http-nio-8080-exec-1] INFO  : Initializing Spring DispatcherServlet 'dispatcherServlet'
2023-05-23 11:38:26 [http-nio-8080-exec-1] INFO  : Initializing Servlet 'dispatcherServlet'
2023-05-23 11:38:26 [http-nio-8080-exec-1] INFO  : Completed initialization in 2 ms
2023-05-23 11:38:26 [http-nio-8080-exec-1] WARN  : Creation of SecureRandom instance for session ID generation using [SHA1PRNG] took [614] milliseconds.
2023-05-23 11:38:38 [http-nio-8080-exec-4] INFO  : user details service called with admin
2023-05-23 11:38:39 [http-nio-8080-exec-4] INFO  : user found
