2023-05-22 14:21:37 [restartedMain] INFO  : Starting ClientManagerApplication using Java 19.0.2 with PID 25812 (/home/developer/Desktop/new/project/ClientManagerSB/target/classes started by developer in /home/developer/Desktop/new/project/ClientManagerSB)
2023-05-22 14:21:37 [restartedMain] INFO  : No active profile set, falling back to 1 default profile: "default"
2023-05-22 14:21:38 [restartedMain] INFO  : Devtools property defaults active! Set 'spring.devtools.add-properties' to 'false' to disable
2023-05-22 14:21:38 [restartedMain] INFO  : For additional web related logging consider setting the 'logging.level.web' property to 'DEBUG'
2023-05-22 14:21:50 [restartedMain] INFO  : Bootstrapping Spring Data JPA repositories in DEFAULT mode.
2023-05-22 14:21:53 [restartedMain] INFO  : Finished Spring Data repository scanning in 2403 ms. Found 4 JPA repository interfaces.
2023-05-22 14:22:15 [restartedMain] INFO  : Tomcat initialized with port(s): 8080 (http)
2023-05-22 14:22:15 [restartedMain] INFO  : Initializing ProtocolHandler ["http-nio-8080"]
2023-05-22 14:22:15 [restartedMain] INFO  : Starting service [Tomcat]
2023-05-22 14:22:15 [restartedMain] INFO  : Starting Servlet engine: [Apache Tomcat/10.1.7]
2023-05-22 14:22:17 [restartedMain] INFO  : Initializing Spring embedded WebApplicationContext
2023-05-22 14:22:17 [restartedMain] INFO  : Root WebApplicationContext: initialization completed in 39362 ms
2023-05-22 14:22:24 [restartedMain] INFO  : HikariPool-1 - Starting...
2023-05-22 14:22:32 [restartedMain] INFO  : HikariPool-1 - Added connection com.mysql.cj.jdbc.ConnectionImpl@2f790740
2023-05-22 14:22:32 [restartedMain] INFO  : HikariPool-1 - Start completed.
2023-05-22 14:22:32 [restartedMain] INFO  : HHH000204: Processing PersistenceUnitInfo [name: default]
2023-05-22 14:22:32 [restartedMain] INFO  : HHH000412: Hibernate ORM core version 6.1.7.Final
2023-05-22 14:22:33 [restartedMain] INFO  : HHH000400: Using dialect: org.hibernate.dialect.MySQLDialect
2023-05-22 14:22:34 [restartedMain] INFO  : HHH000490: Using JtaPlatform implementation: [org.hibernate.engine.transaction.jta.platform.internal.NoJtaPlatform]
2023-05-22 14:22:34 [restartedMain] INFO  : Initialized JPA EntityManagerFactory for persistence unit 'default'
2023-05-22 14:22:36 [restartedMain] WARN  : spring.jpa.open-in-view is enabled by default. Therefore, database queries may be performed during view rendering. Explicitly configure spring.jpa.open-in-view to disable this warning
2023-05-22 14:22:37 [restartedMain] INFO  : Will secure any request with [org.springframework.security.web.session.DisableEncodeUrlFilter@8d701d4, org.springframework.security.web.context.request.async.WebAsyncManagerIntegrationFilter@62e27569, org.springframework.security.web.context.SecurityContextHolderFilter@4bbbc481, org.springframework.security.web.header.HeaderWriterFilter@17d92f3e, org.springframework.security.web.authentication.logout.LogoutFilter@7522054, org.springframework.security.web.authentication.UsernamePasswordAuthenticationFilter@4ad20e04, org.springframework.security.web.savedrequest.RequestCacheAwareFilter@43941d18, org.springframework.security.web.servletapi.SecurityContextHolderAwareRequestFilter@4f7613d8, org.springframework.security.web.authentication.AnonymousAuthenticationFilter@2c349a5e, org.springframework.security.web.access.ExceptionTranslationFilter@5855d1e9, org.springframework.security.web.access.intercept.AuthorizationFilter@7b7c1112]
2023-05-22 14:22:39 [restartedMain] INFO  : LiveReload server is running on port 35729
2023-05-22 14:22:39 [restartedMain] INFO  : Starting ProtocolHandler ["http-nio-8080"]
2023-05-22 14:22:40 [restartedMain] INFO  : Tomcat started on port(s): 8080 (http) with context path ''
2023-05-22 14:22:40 [restartedMain] INFO  : Started ClientManagerApplication in 63.347 seconds (process running for 71.252)
2023-05-22 14:23:06 [http-nio-8080-exec-1] INFO  : Initializing Spring DispatcherServlet 'dispatcherServlet'
2023-05-22 14:23:06 [http-nio-8080-exec-1] INFO  : Initializing Servlet 'dispatcherServlet'
2023-05-22 14:23:06 [http-nio-8080-exec-1] INFO  : Completed initialization in 1 ms
2023-05-22 14:23:35 [http-nio-8080-exec-4] INFO  : user details service called with admin
2023-05-22 14:23:41 [http-nio-8080-exec-4] INFO  : user found
2023-05-22 14:32:31 [http-nio-8080-exec-1] INFO  : user details service called with admin
2023-05-22 14:32:31 [http-nio-8080-exec-1] INFO  : user found
2023-05-22 14:37:58 [http-nio-8080-exec-10] INFO  : user details service called with admin
2023-05-22 14:37:58 [http-nio-8080-exec-10] INFO  : user found
2023-05-22 14:39:12 [SpringApplicationShutdownHook] INFO  : Closing JPA EntityManagerFactory for persistence unit 'default'
2023-05-22 14:39:12 [SpringApplicationShutdownHook] INFO  : HikariPool-1 - Shutdown initiated...
2023-05-22 14:39:12 [SpringApplicationShutdownHook] INFO  : HikariPool-1 - Shutdown completed.
2023-05-22 14:41:59 [restartedMain] INFO  : Starting ClientManagerApplication using Java 19.0.2 with PID 28241 (/home/developer/Desktop/new/project/ClientManagerSB/target/classes started by developer in /home/developer/Desktop/new/project/ClientManagerSB)
2023-05-22 14:41:59 [restartedMain] INFO  : No active profile set, falling back to 1 default profile: "default"
2023-05-22 14:41:59 [restartedMain] INFO  : Devtools property defaults active! Set 'spring.devtools.add-properties' to 'false' to disable
2023-05-22 14:41:59 [restartedMain] INFO  : For additional web related logging consider setting the 'logging.level.web' property to 'DEBUG'
2023-05-22 14:42:01 [restartedMain] INFO  : Bootstrapping Spring Data JPA repositories in DEFAULT mode.
2023-05-22 14:42:01 [restartedMain] INFO  : Finished Spring Data repository scanning in 46 ms. Found 1 JPA repository interfaces.
2023-05-22 14:42:02 [restartedMain] INFO  : Tomcat initialized with port(s): 8080 (http)
2023-05-22 14:42:02 [restartedMain] INFO  : Initializing ProtocolHandler ["http-nio-8080"]
2023-05-22 14:42:02 [restartedMain] INFO  : Starting service [Tomcat]
2023-05-22 14:42:02 [restartedMain] INFO  : Starting Servlet engine: [Apache Tomcat/10.1.7]
2023-05-22 14:42:02 [restartedMain] INFO  : Initializing Spring embedded WebApplicationContext
2023-05-22 14:42:02 [restartedMain] INFO  : Root WebApplicationContext: initialization completed in 2911 ms
2023-05-22 14:42:02 [restartedMain] WARN  : Cannot deserialize session attribute [SPRING_SECURITY_CONTEXT] for session [623DA5CB442B028EA9AA43314B49B5FF]
2023-05-22 14:42:02 [restartedMain] INFO  : HikariPool-1 - Starting...
2023-05-22 14:42:03 [restartedMain] INFO  : HikariPool-1 - Added connection com.mysql.cj.jdbc.ConnectionImpl@5e2180cb
2023-05-22 14:42:03 [restartedMain] INFO  : HikariPool-1 - Start completed.
2023-05-22 14:42:03 [restartedMain] INFO  : HHH000204: Processing PersistenceUnitInfo [name: default]
2023-05-22 14:42:03 [restartedMain] INFO  : HHH000412: Hibernate ORM core version 6.1.7.Final
2023-05-22 14:42:04 [restartedMain] INFO  : HHH000400: Using dialect: org.hibernate.dialect.MySQLDialect
2023-05-22 14:42:04 [restartedMain] INFO  : HHH000490: Using JtaPlatform implementation: [org.hibernate.engine.transaction.jta.platform.internal.NoJtaPlatform]
2023-05-22 14:42:04 [restartedMain] INFO  : Initialized JPA EntityManagerFactory for persistence unit 'default'
2023-05-22 14:42:05 [restartedMain] WARN  : spring.jpa.open-in-view is enabled by default. Therefore, database queries may be performed during view rendering. Explicitly configure spring.jpa.open-in-view to disable this warning
2023-05-22 14:42:06 [restartedMain] INFO  : Will secure any request with [org.springframework.security.web.session.DisableEncodeUrlFilter@7fe7363a, org.springframework.security.web.context.request.async.WebAsyncManagerIntegrationFilter@1b417229, org.springframework.security.web.context.SecurityContextHolderFilter@797e4dcd, org.springframework.security.web.header.HeaderWriterFilter@7265e706, org.springframework.security.web.authentication.logout.LogoutFilter@82dce85, org.springframework.security.web.authentication.UsernamePasswordAuthenticationFilter@4774456a, org.springframework.security.web.savedrequest.RequestCacheAwareFilter@668206de, org.springframework.security.web.servletapi.SecurityContextHolderAwareRequestFilter@6f719517, org.springframework.security.web.authentication.AnonymousAuthenticationFilter@7e7b3b3e, org.springframework.security.web.access.ExceptionTranslationFilter@f37ef0, org.springframework.security.web.access.intercept.AuthorizationFilter@90da9f6]
2023-05-22 14:42:08 [restartedMain] INFO  : LiveReload server is running on port 35729
2023-05-22 14:42:08 [restartedMain] INFO  : Starting ProtocolHandler ["http-nio-8080"]
2023-05-22 14:42:08 [restartedMain] INFO  : Tomcat started on port(s): 8080 (http) with context path ''
2023-05-22 14:42:08 [restartedMain] INFO  : Started ClientManagerApplication in 9.448 seconds (process running for 10.719)
2023-05-22 14:42:10 [http-nio-8080-exec-1] INFO  : Initializing Spring DispatcherServlet 'dispatcherServlet'
2023-05-22 14:42:10 [http-nio-8080-exec-1] INFO  : Initializing Servlet 'dispatcherServlet'
2023-05-22 14:42:10 [http-nio-8080-exec-1] INFO  : Completed initialization in 1 ms
2023-05-22 14:42:24 [http-nio-8080-exec-6] INFO  : user details service called with admin
2023-05-22 14:42:25 [http-nio-8080-exec-6] INFO  : user found
2023-05-22 14:45:03 [SpringApplicationShutdownHook] INFO  : Closing JPA EntityManagerFactory for persistence unit 'default'
2023-05-22 14:45:03 [SpringApplicationShutdownHook] INFO  : HikariPool-1 - Shutdown initiated...
2023-05-22 14:45:03 [SpringApplicationShutdownHook] INFO  : HikariPool-1 - Shutdown completed.
